GROUP,PACKAGE,CLASS,INSTRUCTION_MISSED,INSTRUCTION_COVERED,BRANCH_MISSED,BRANCH_COVERED,LINE_MISSED,LINE_COVERED,COMPLEXITY_MISSED,COMPLEXITY_COVERED,METHOD_MISSED,METHOD_COVERED
MeetingPlanner,edu.sc.csce747.MeetingPlanner,Organization,0,155,0,8,0,30,0,9,0,5
MeetingPlanner,edu.sc.csce747.MeetingPlanner,TimeConflictException,0,23,0,0,0,10,0,5,0,5
MeetingPlanner,edu.sc.csce747.MeetingPlanner,Meeting,0,237,0,12,0,63,0,27,0,21
MeetingPlanner,edu.sc.csce747.MeetingPlanner,Person,0,83,0,0,0,20,0,9,0,9
MeetingPlanner,edu.sc.csce747.MeetingPlanner,Calendar,0,510,4,48,0,74,4,31,0,9
MeetingPlanner,edu.sc.csce747.MeetingPlanner,PlannerInterface,80,915,11,91,29,218,11,50,0,10
MeetingPlanner,edu.sc.csce747.MeetingPlanner,Room,0,83,0,0,0,20,0,9,0,9
