<?xml version="1.0" encoding="UTF-8"?>
<testsuite xmlns:xsi="http://www.w3.org/2001/XMLSchema-instance" xsi:noNamespaceSchemaLocation="https://maven.apache.org/surefire/maven-surefire-plugin/xsd/surefire-test-report.xsd" name="edu.sc.csce747.MeetingPlanner.PlannerInterfaceCoverageTest" time="0.023" tests="29" errors="0" skipped="0" failures="0">
  <properties>
[...]
</properties>
  <testcase name="testMainMenu_callsScheduleBranch" classname="edu.sc.csce747.MeetingPlanner.PlannerInterfaceCoverageTest" time="0"/>
  <testcase name="testMainMenu_callsCheckRoomBranch" classname="edu.sc.csce747.MeetingPlanner.PlannerInterfaceCoverageTest" time="0"/>
  <testcase name="testCheckRoomAvailability_handlesTimeConflictException" classname="edu.sc.csce747.MeetingPlanner.PlannerInterfaceCoverageTest" time="0"/>
  <testcase name="testMainMenu_callsCheckAgendaPersonBranch" classname="edu.sc.csce747.MeetingPlanner.PlannerInterfaceCoverageTest" time="0"/>
  <testcase name="testScheduleVacation_bookingSuccessSameMonth" classname="edu.sc.csce747.MeetingPlanner.PlannerInterfaceCoverageTest" time="0"/>
  <testcase name="testMain_static_callsExit" classname="edu.sc.csce747.MeetingPlanner.PlannerInterfaceCoverageTest" time="0.011"/>
  <testcase name="testCheckEmployeeAvailability_printsNames" classname="edu.sc.csce747.MeetingPlanner.PlannerInterfaceCoverageTest" time="0"/>
  <testcase name="testMain_triggersExit" classname="edu.sc.csce747.MeetingPlanner.PlannerInterfaceCoverageTest" time="0"/>
  <testcase name="testMainMenu_callsCheckEmployeeBranch" classname="edu.sc.csce747.MeetingPlanner.PlannerInterfaceCoverageTest" time="0.002"/>
  <testcase name="testScheduleVacation_bookingAcrossMonthsSuccess" classname="edu.sc.csce747.MeetingPlanner.PlannerInterfaceCoverageTest" time="0"/>
  <testcase name="testCheckAgendaRoom_printsAgenda" classname="edu.sc.csce747.MeetingPlanner.PlannerInterfaceCoverageTest" time="0"/>
  <testcase name="testMainMenu_callsCheckAgendaRoomBranch" classname="edu.sc.csce747.MeetingPlanner.PlannerInterfaceCoverageTest" time="0.001"/>
  <testcase name="testScheduleVacation_addsMeetingsForInterveningMonths" classname="edu.sc.csce747.MeetingPlanner.PlannerInterfaceCoverageTest" time="0.002"/>
  <testcase name="testInputOutput_handlesIOExceptionAndCallsMainMenu" classname="edu.sc.csce747.MeetingPlanner.PlannerInterfaceCoverageTest" time="0.001"/>
  <testcase name="testScheduleVacation_conflictsInInterveningAndEndMonths" classname="edu.sc.csce747.MeetingPlanner.PlannerInterfaceCoverageTest" time="0"/>
  <testcase name="testScheduleVacation_cancelAndConflictDetected" classname="edu.sc.csce747.MeetingPlanner.PlannerInterfaceCoverageTest" time="0.001"/>
  <testcase name="testScheduleMeeting_attendeeAddMeetingThrows_callsMainMenu" classname="edu.sc.csce747.MeetingPlanner.PlannerInterfaceCoverageTest" time="0"/>
  <testcase name="testCheckAgendaPerson_printsAgenda" classname="edu.sc.csce747.MeetingPlanner.PlannerInterfaceCoverageTest" time="0"/>
  <testcase name="testScheduleVacation_bookingAddMeetingThrowsTriggersMainMenu" classname="edu.sc.csce747.MeetingPlanner.PlannerInterfaceCoverageTest" time="0.001"/>
  <testcase name="testScheduleVacation_conflictInStartMonth" classname="edu.sc.csce747.MeetingPlanner.PlannerInterfaceCoverageTest" time="0"/>
  <testcase name="testScheduleMeeting_isBusyThrows_callsMainMenu" classname="edu.sc.csce747.MeetingPlanner.PlannerInterfaceCoverageTest" time="0"/>
  <testcase name="testCheckRoomAvailability_printsRooms" classname="edu.sc.csce747.MeetingPlanner.PlannerInterfaceCoverageTest" time="0"/>
  <testcase name="testMainMenu_handlesNonNumberThenSchedule" classname="edu.sc.csce747.MeetingPlanner.PlannerInterfaceCoverageTest" time="0.001"/>
  <testcase name="testScheduleMeeting_createsMeeting" classname="edu.sc.csce747.MeetingPlanner.PlannerInterfaceCoverageTest" time="0"/>
  <testcase name="testMainMenu_callsVacationBranch" classname="edu.sc.csce747.MeetingPlanner.PlannerInterfaceCoverageTest" time="0.001"/>
  <testcase name="testCheckAgendaRoomAndPerson_invalidNamesPrintError" classname="edu.sc.csce747.MeetingPlanner.PlannerInterfaceCoverageTest" time="0.001"/>
  <testcase name="testScheduleMeeting_invalidRoomThenRoomAddConflict" classname="edu.sc.csce747.MeetingPlanner.PlannerInterfaceCoverageTest" time="0"/>
  <testcase name="testMainMenu_handlesInvalidNumberThenSchedule" classname="edu.sc.csce747.MeetingPlanner.PlannerInterfaceCoverageTest" time="0.001"/>
  <testcase name="testCheckEmployeeAvailability_handlesTimeConflictException" classname="edu.sc.csce747.MeetingPlanner.PlannerInterfaceCoverageTest" time="0"/>
</testsuite>